<?xml version="1.0" encoding="UTF-8"?>
<!-- Generated by org.testng.reporters.JUnitReportReporter -->
<testsuite hostname="DESKTOP-BS11RA5" failures="0" tests="2" name="com.Bibhu.ObjectRepository.readPropertiesTest" time="0.013" errors="0" timestamp="2023-11-28T11:08:27 IST" skipped="0">
  <testcase classname="com.Bibhu.ObjectRepository.readPropertiesTest" name="readConfigProperties2" time="0.004"/>
  <system-out/>
  <testcase classname="com.Bibhu.ObjectRepository.readPropertiesTest" name="readConfigProperties1" time="0.009"/>
  <system-out/>
</testsuite> <!-- com.Bibhu.ObjectRepository.readPropertiesTest -->
