<?xml version="1.0" encoding="UTF-8"?>
<!-- Generated by org.testng.reporters.JUnitReportReporter -->
<testsuite hostname="DESKTOP-BS11RA5" failures="0" tests="1" name="com.Bibhu.Utils.ReadFilesutils" time="0.010" errors="0" timestamp="2023-11-28T10:05:44 IST" skipped="0">
  <testcase classname="com.Bibhu.Utils.ReadFilesutils" name="readConfig2" time="0.010"/>
  <system-out/>
</testsuite> <!-- com.Bibhu.Utils.ReadFilesutils -->
