<?xml version="1.0" encoding="UTF-8"?>
<!-- Generated by org.testng.reporters.JUnitReportReporter -->
<testsuite hostname="DESKTOP-BS11RA5" failures="0" tests="1" name="com.Bibhu.Parameterization.parameterizationTest" time="0.008" errors="0" timestamp="2023-11-28T13:07:28 IST" skipped="0">
  <testcase classname="com.Bibhu.Parameterization.parameterizationTest" name="testParameterAtSuiteLevel" time="0.008"/>
  <system-out/>
</testsuite> <!-- com.Bibhu.Parameterization.parameterizationTest -->
