<?xml version="1.0" encoding="UTF-8"?>
<!-- Generated by org.testng.reporters.JUnitReportReporter -->
<testsuite hostname="DESKTOP-BS11RA5" failures="0" tests="3" name="com.Bibhu.WebAutomation.confirmationPopHandle" time="41.579" errors="0" timestamp="2023-11-24T00:20:16 IST" skipped="0">
  <testcase classname="com.Bibhu.WebAutomation.confirmationPopHandle" name="confirmationpopUpOperations" time="25.630"/>
  <system-out/>
  <testcase classname="com.Bibhu.WebAutomation.confirmationPopHandle" name="launchBrowser" time="3.731"/>
  <system-out/>
  <testcase classname="com.Bibhu.WebAutomation.confirmationPopHandle" name="launchApplication" time="12.218"/>
  <system-out/>
</testsuite> <!-- com.Bibhu.WebAutomation.confirmationPopHandle -->
