<?xml version="1.0" encoding="UTF-8"?>
<!-- Generated by org.testng.reporters.JUnitReportReporter -->
<testsuite hostname="DESKTOP-BS11RA5" failures="0" tests="4" name="com.Bibhu.WebAutomation.dropdowns" time="27.541" errors="0" timestamp="2023-11-23T14:43:10 IST" skipped="0">
  <testcase classname="com.Bibhu.WebAutomation.dropdowns" name="launchApplication" time="20.365"/>
  <system-out/>
  <testcase classname="com.Bibhu.WebAutomation.dropdowns" name="dropdownTitle" time="2.267"/>
  <system-out/>
  <testcase classname="com.Bibhu.WebAutomation.dropdowns" name="launchBrowser" time="4.411"/>
  <system-out/>
  <testcase classname="com.Bibhu.WebAutomation.dropdowns" name="SelectAllOptionsDropdown" time="0.498"/>
  <system-out/>
</testsuite> <!-- com.Bibhu.WebAutomation.dropdowns -->
