<?xml version="1.0" encoding="UTF-8"?>
<!-- Generated by org.testng.reporters.JUnitReportReporter -->
<testsuite hostname="DESKTOP-BS11RA5" failures="0" tests="3" name="com.Bibhu.WebAutomation.TabHandle" time="28.837" errors="0" timestamp="2023-11-24T08:42:12 IST" skipped="0">
  <testcase classname="com.Bibhu.WebAutomation.TabHandle" name="launchBrowser" time="4.602"/>
  <system-out/>
  <testcase classname="com.Bibhu.WebAutomation.TabHandle" name="windowsTabOperations" time="10.597"/>
  <system-out/>
  <testcase classname="com.Bibhu.WebAutomation.TabHandle" name="launchApplication" time="13.638"/>
  <system-out/>
</testsuite> <!-- com.Bibhu.WebAutomation.TabHandle -->
