<?xml version="1.0" encoding="UTF-8"?>
<!-- Generated by org.testng.reporters.JUnitReportReporter -->
<testsuite hostname="DESKTOP-BS11RA5" failures="0" tests="3" name="com.Bibhu.WebAutomation.SearchAutosugesstion" time="32.335" errors="0" timestamp="2023-11-23T14:43:10 IST" skipped="0">
  <testcase classname="com.Bibhu.WebAutomation.SearchAutosugesstion" name="searchAutoSuggestion" time="5.767"/>
  <system-out/>
  <testcase classname="com.Bibhu.WebAutomation.SearchAutosugesstion" name="launchBrowser" time="3.936"/>
  <system-out/>
  <testcase classname="com.Bibhu.WebAutomation.SearchAutosugesstion" name="launchApplication" time="22.632"/>
  <system-out/>
</testsuite> <!-- com.Bibhu.WebAutomation.SearchAutosugesstion -->
