<?xml version="1.0" encoding="UTF-8"?>
<!-- Generated by org.testng.reporters.JUnitReportReporter -->
<testsuite hostname="DESKTOP-BS11RA5" failures="0" tests="4" name="com.Bibhu.WebAutomation.WebTableHandle" time="21.054" errors="0" timestamp="2023-11-26T11:34:30 IST" skipped="0">
  <testcase classname="com.Bibhu.WebAutomation.WebTableHandle" name="titleOfWebLink" time="0.338"/>
  <system-out/>
  <testcase classname="com.Bibhu.WebAutomation.WebTableHandle" name="webTableOperation" time="5.503"/>
  <system-out/>
  <testcase classname="com.Bibhu.WebAutomation.WebTableHandle" name="launchApplication" time="11.399"/>
  <system-out/>
  <testcase classname="com.Bibhu.WebAutomation.WebTableHandle" name="launchBrowser" time="3.814"/>
  <system-out/>
</testsuite> <!-- com.Bibhu.WebAutomation.WebTableHandle -->
