<?xml version="1.0" encoding="UTF-8"?>
<!-- Generated by org.testng.reporters.JUnitReportReporter -->
<testsuite hostname="DESKTOP-BS11RA5" failures="0" tests="3" name="com.Bibhu.WebAutomation.WindowsHandle" time="32.185" errors="0" timestamp="2023-11-23T23:38:10 IST" skipped="0">
  <testcase classname="com.Bibhu.WebAutomation.WindowsHandle" name="windowsOperations" time="15.710"/>
  <system-out/>
  <testcase classname="com.Bibhu.WebAutomation.WindowsHandle" name="launchApplication" time="12.254"/>
  <system-out/>
  <testcase classname="com.Bibhu.WebAutomation.WindowsHandle" name="launchBrowser" time="4.221"/>
  <system-out/>
</testsuite> <!-- com.Bibhu.WebAutomation.WindowsHandle -->
