<?xml version="1.0" encoding="UTF-8"?>
<!-- Generated by org.testng.reporters.JUnitReportReporter -->
<testsuite hostname="DESKTOP-BS11RA5" failures="0" tests="3" name="com.Bibhu.ObjectRepository.DataProviderTest" time="0.010" errors="0" timestamp="2023-11-28T09:03:06 IST" skipped="0">
  <testcase classname="com.Bibhu.ObjectRepository.DataProviderTest" name="receiveTestData" time="0.002"/>
  <system-out/>
  <testcase classname="com.Bibhu.ObjectRepository.DataProviderTest" name="receiveTestData" time="0.001"/>
  <system-out/>
  <testcase classname="com.Bibhu.ObjectRepository.DataProviderTest" name="receiveTestData" time="0.007"/>
  <system-out/>
</testsuite> <!-- com.Bibhu.ObjectRepository.DataProviderTest -->
