<?xml version="1.0" encoding="UTF-8"?>
<!-- Generated by org.testng.reporters.JUnitReportReporter -->
<testsuite hostname="DESKTOP-BS11RA5" failures="0" tests="5" name="com.Bibhu.WebAutomation.launchChromeBrowser" time="24.933" errors="0" timestamp="2023-11-26T21:38:26 IST" skipped="0">
  <testcase classname="com.Bibhu.WebAutomation.launchChromeBrowser" name="selectProduct" time="7.687"/>
  <system-out/>
  <testcase classname="com.Bibhu.WebAutomation.launchChromeBrowser" name="launchApplication" time="13.221"/>
  <system-out/>
  <testcase classname="com.Bibhu.WebAutomation.launchChromeBrowser" name="VerifyItemAddedToCart" time="0.140"/>
  <system-out/>
  <testcase classname="com.Bibhu.WebAutomation.launchChromeBrowser" name="verifyHomePageTitle" time="0.016"/>
  <system-out/>
  <testcase classname="com.Bibhu.WebAutomation.launchChromeBrowser" name="launchBrowser" time="3.869"/>
  <system-out/>
</testsuite> <!-- com.Bibhu.WebAutomation.launchChromeBrowser -->
