<?xml version="1.0" encoding="UTF-8"?>
<!-- Generated by org.testng.reporters.JUnitReportReporter -->
<testsuite hostname="DESKTOP-BS11RA5" failures="0" tests="3" name="com.Bibhu.WebAutomation.checkBox" time="23.210" errors="0" timestamp="2023-11-23T20:02:47 IST" skipped="0">
  <testcase classname="com.Bibhu.WebAutomation.checkBox" name="launchApplication" time="13.074"/>
  <system-out/>
  <testcase classname="com.Bibhu.WebAutomation.checkBox" name="checkBoxOperations" time="5.450"/>
  <system-out/>
  <testcase classname="com.Bibhu.WebAutomation.checkBox" name="launchBrowser" time="4.686"/>
  <system-out/>
</testsuite> <!-- com.Bibhu.WebAutomation.checkBox -->
