<?xml version="1.0" encoding="UTF-8"?>
<!-- Generated by org.testng.reporters.JUnitReportReporter -->
<testsuite hostname="DESKTOP-BS11RA5" failures="0" tests="1" name="com.Bibhu.Parameterization.parameterizationTest" time="0.000" errors="0" timestamp="2023-11-28T14:26:59 IST" skipped="0">
  <testcase classname="com.Bibhu.Parameterization.parameterizationTest" name="testParameterAtSuiteLevel" time="0.000"/>
</testsuite> <!-- com.Bibhu.Parameterization.parameterizationTest -->
