<?xml version="1.0" encoding="UTF-8"?>
<!-- Generated by org.testng.reporters.JUnitReportReporter -->
<testsuite hostname="DESKTOP-BS11RA5" failures="0" tests="4" name="com.Bibhu.WebAutomation.TabHandle" time="29.655" errors="0" timestamp="2023-11-28T14:26:58 IST" skipped="0">
  <testcase classname="com.Bibhu.WebAutomation.TabHandle" name="titleofWindowsTab" time="0.709"/>
  <testcase classname="com.Bibhu.WebAutomation.TabHandle" name="windowsTabOperations" time="10.284"/>
  <testcase classname="com.Bibhu.WebAutomation.TabHandle" name="launchApplication" time="13.555"/>
  <testcase classname="com.Bibhu.WebAutomation.TabHandle" name="launchBrowser" time="5.107"/>
</testsuite> <!-- com.Bibhu.WebAutomation.TabHandle -->
