<?xml version="1.0" encoding="UTF-8"?>
<!-- Generated by org.testng.reporters.JUnitReportReporter -->
<testsuite hostname="DESKTOP-BS11RA5" failures="0" tests="4" name="com.Bibhu.WebAutomation.checkBox" time="24.987" errors="0" timestamp="2023-11-28T14:26:59 IST" skipped="0">
  <testcase classname="com.Bibhu.WebAutomation.checkBox" name="launchApplication" time="15.374"/>
  <testcase classname="com.Bibhu.WebAutomation.checkBox" name="checkBoxOperations" time="5.684"/>
  <testcase classname="com.Bibhu.WebAutomation.checkBox" name="launchBrowser" time="3.879"/>
  <testcase classname="com.Bibhu.WebAutomation.checkBox" name="verifyTitleOfCheckbox" time="0.050"/>
</testsuite> <!-- com.Bibhu.WebAutomation.checkBox -->
