<?xml version="1.0" encoding="UTF-8"?>
<!-- Generated by org.testng.reporters.JUnitReportReporter -->
<testsuite hostname="DESKTOP-BS11RA5" failures="0" tests="2" name="com.Bibhu.ObjectRepository.readPropertiesTest" time="0.002" errors="0" timestamp="2023-11-28T14:26:58 IST" skipped="0">
  <testcase classname="com.Bibhu.ObjectRepository.readPropertiesTest" name="readConfigProperties2" time="0.001"/>
  <testcase classname="com.Bibhu.ObjectRepository.readPropertiesTest" name="readConfigProperties1" time="0.001"/>
</testsuite> <!-- com.Bibhu.ObjectRepository.readPropertiesTest -->
