<?xml version="1.0" encoding="UTF-8"?>
<!-- Generated by org.testng.reporters.JUnitReportReporter -->
<testsuite hostname="DESKTOP-BS11RA5" failures="0" tests="5" name="com.Bibhu.WebAutomation.launchChromeBrowser" time="29.595" errors="0" timestamp="2023-11-28T14:26:58 IST" skipped="0">
  <testcase classname="com.Bibhu.WebAutomation.launchChromeBrowser" name="launchBrowser" time="3.365"/>
  <testcase classname="com.Bibhu.WebAutomation.launchChromeBrowser" name="VerifyItemAddedToCart" time="0.252"/>
  <testcase classname="com.Bibhu.WebAutomation.launchChromeBrowser" name="selectProduct" time="7.709"/>
  <testcase classname="com.Bibhu.WebAutomation.launchChromeBrowser" name="launchApplication" time="18.259"/>
  <testcase classname="com.Bibhu.WebAutomation.launchChromeBrowser" name="verifyHomePageTitle" time="0.010"/>
</testsuite> <!-- com.Bibhu.WebAutomation.launchChromeBrowser -->
