<?xml version="1.0" encoding="UTF-8"?>
<!-- Generated by org.testng.reporters.JUnitReportReporter -->
<testsuite hostname="DESKTOP-BS11RA5" failures="0" tests="4" name="com.Bibhu.WebAutomation.WebTableHandle" time="29.144" errors="0" timestamp="2023-11-28T14:26:58 IST" skipped="0">
  <testcase classname="com.Bibhu.WebAutomation.WebTableHandle" name="launchBrowser" time="3.801"/>
  <testcase classname="com.Bibhu.WebAutomation.WebTableHandle" name="titleOfWebLink" time="0.419"/>
  <testcase classname="com.Bibhu.WebAutomation.WebTableHandle" name="webTableOperation" time="5.494"/>
  <testcase classname="com.Bibhu.WebAutomation.WebTableHandle" name="launchApplication" time="19.430"/>
</testsuite> <!-- com.Bibhu.WebAutomation.WebTableHandle -->
