<?xml version="1.0" encoding="UTF-8"?>
<!-- Generated by org.testng.reporters.JUnitReportReporter -->
<testsuite hostname="DESKTOP-BS11RA5" failures="0" tests="4" name="com.Bibhu.WebAutomation.confirmationPopHandle" time="48.793" errors="0" timestamp="2023-11-28T14:26:58 IST" skipped="0">
  <testcase classname="com.Bibhu.WebAutomation.confirmationPopHandle" name="confirmationpopUpOperations" time="25.734"/>
  <testcase classname="com.Bibhu.WebAutomation.confirmationPopHandle" name="launchApplication" time="18.969"/>
  <testcase classname="com.Bibhu.WebAutomation.confirmationPopHandle" name="titleOfAlertPop" time="0.054"/>
  <testcase classname="com.Bibhu.WebAutomation.confirmationPopHandle" name="launchBrowser" time="4.036"/>
</testsuite> <!-- com.Bibhu.WebAutomation.confirmationPopHandle -->
