<?xml version="1.0" encoding="UTF-8"?>
<!-- Generated by org.testng.reporters.JUnitReportReporter -->
<testsuite hostname="DESKTOP-BS11RA5" failures="0" tests="4" name="com.Bibhu.WebAutomation.dropdowns" time="32.170" errors="0" timestamp="2023-11-28T14:26:58 IST" skipped="0">
  <testcase classname="com.Bibhu.WebAutomation.dropdowns" name="SelectAllOptionsDropdown" time="1.052"/>
  <testcase classname="com.Bibhu.WebAutomation.dropdowns" name="dropdownTitle" time="4.277"/>
  <testcase classname="com.Bibhu.WebAutomation.dropdowns" name="launchApplication" time="23.171"/>
  <testcase classname="com.Bibhu.WebAutomation.dropdowns" name="launchBrowser" time="3.670"/>
</testsuite> <!-- com.Bibhu.WebAutomation.dropdowns -->
