<?xml version="1.0" encoding="UTF-8"?>
<!-- Generated by org.testng.reporters.JUnitReportReporter -->
<testsuite hostname="DESKTOP-BS11RA5" failures="0" tests="3" name="com.Bibhu.WebAutomation.SearchAutosugesstion" time="42.408" errors="0" timestamp="2023-11-28T14:26:58 IST" skipped="0">
  <testcase classname="com.Bibhu.WebAutomation.SearchAutosugesstion" name="launchBrowser" time="4.937"/>
  <testcase classname="com.Bibhu.WebAutomation.SearchAutosugesstion" name="searchAutoSuggestion" time="5.765"/>
  <testcase classname="com.Bibhu.WebAutomation.SearchAutosugesstion" name="launchApplication" time="31.706"/>
</testsuite> <!-- com.Bibhu.WebAutomation.SearchAutosugesstion -->
