<?xml version="1.0" encoding="UTF-8"?>
<!-- Generated by org.testng.reporters.JUnitReportReporter -->
<testsuite hostname="DESKTOP-BS11RA5" failures="0" tests="4" name="com.Bibhu.WebAutomation.WindowsHandle" time="33.170" errors="0" timestamp="2023-11-28T14:26:58 IST" skipped="0">
  <testcase classname="com.Bibhu.WebAutomation.WindowsHandle" name="launchApplication" time="12.871"/>
  <testcase classname="com.Bibhu.WebAutomation.WindowsHandle" name="windowsOperations" time="16.467"/>
  <testcase classname="com.Bibhu.WebAutomation.WindowsHandle" name="titleofWindows" time="0.384"/>
  <testcase classname="com.Bibhu.WebAutomation.WindowsHandle" name="launchBrowser" time="3.448"/>
</testsuite> <!-- com.Bibhu.WebAutomation.WindowsHandle -->
